<?xml version="1.0" encoding="UTF-8"?>
<coverage generated="1550270884390" clover="3.2.0">
  <project timestamp="1550270884391" name="All files">
    <metrics statements="54" coveredstatements="29" conditionals="10" coveredconditionals="1" methods="16" coveredmethods="3" elements="80" coveredelements="33" complexity="0" loc="54" ncloc="54" packages="2" files="5" classes="5"/>
    <package name="Ceciil-service">
      <metrics statements="2" coveredstatements="2" conditionals="0" coveredconditionals="0" methods="0" coveredmethods="0"/>
      <file name="data.js" path="/Users/angela/Workspace/hackreactor/hrsf-110/Front-End Capstone/Ceciil-service/data.js">
        <metrics statements="2" coveredstatements="2" conditionals="0" coveredconditionals="0" methods="0" coveredmethods="0"/>
        <line num="1" count="1" type="stmt"/>
        <line num="51" count="1" type="stmt"/>
      </file>
    </package>
    <package name="Ceciil-service.client.src.components">
      <metrics statements="52" coveredstatements="27" conditionals="10" coveredconditionals="1" methods="16" coveredmethods="3"/>
      <file name="App.jsx" path="/Users/angela/Workspace/hackreactor/hrsf-110/Front-End Capstone/Ceciil-service/client/src/components/App.jsx">
        <metrics statements="14" coveredstatements="9" conditionals="2" coveredconditionals="1" methods="6" coveredmethods="3"/>
        <line num="9" count="1" type="stmt"/>
        <line num="15" count="1" type="stmt"/>
        <line num="28" count="1" type="stmt"/>
        <line num="29" count="1" type="stmt"/>
        <line num="33" count="1" type="stmt"/>
        <line num="38" count="1" type="stmt"/>
        <line num="39" count="1" type="stmt"/>
        <line num="43" count="0" type="stmt"/>
        <line num="44" count="0" type="stmt"/>
        <line num="47" count="0" type="stmt"/>
        <line num="53" count="0" type="stmt"/>
        <line num="59" count="1" type="cond" truecount="1" falsecount="1"/>
        <line num="60" count="0" type="stmt"/>
        <line num="64" count="1" type="stmt"/>
      </file>
      <file name="MainLargeImage.jsx" path="/Users/angela/Workspace/hackreactor/hrsf-110/Front-End Capstone/Ceciil-service/client/src/components/MainLargeImage.jsx">
        <metrics statements="5" coveredstatements="3" conditionals="0" coveredconditionals="0" methods="2" coveredmethods="0"/>
        <line num="4" count="1" type="stmt"/>
        <line num="10" count="0" type="stmt"/>
        <line num="13" count="1" type="stmt"/>
        <line num="24" count="1" type="stmt"/>
        <line num="25" count="0" type="stmt"/>
      </file>
      <file name="MainSmallImages.jsx" path="/Users/angela/Workspace/hackreactor/hrsf-110/Front-End Capstone/Ceciil-service/client/src/components/MainSmallImages.jsx">
        <metrics statements="7" coveredstatements="4" conditionals="0" coveredconditionals="0" methods="3" coveredmethods="0"/>
        <line num="4" count="1" type="stmt"/>
        <line num="11" count="0" type="stmt"/>
        <line num="14" count="1" type="stmt"/>
        <line num="25" count="1" type="stmt"/>
        <line num="31" count="1" type="stmt"/>
        <line num="32" count="0" type="stmt"/>
        <line num="35" count="0" type="stmt"/>
      </file>
      <file name="Modal.jsx" path="/Users/angela/Workspace/hackreactor/hrsf-110/Front-End Capstone/Ceciil-service/client/src/components/Modal.jsx">
        <metrics statements="26" coveredstatements="11" conditionals="8" coveredconditionals="0" methods="5" coveredmethods="0"/>
        <line num="4" count="1" type="stmt"/>
        <line num="15" count="1" type="stmt"/>
        <line num="19" count="1" type="stmt"/>
        <line num="24" count="1" type="stmt"/>
        <line num="35" count="1" type="stmt"/>
        <line num="44" count="1" type="stmt"/>
        <line num="54" count="1" type="stmt"/>
        <line num="63" count="1" type="stmt"/>
        <line num="70" count="1" type="stmt"/>
        <line num="77" count="1" type="stmt"/>
        <line num="82" count="1" type="stmt"/>
        <line num="95" count="0" type="stmt"/>
        <line num="96" count="0" type="stmt"/>
        <line num="100" count="0" type="stmt"/>
        <line num="101" count="0" type="stmt"/>
        <line num="102" count="0" type="stmt"/>
        <line num="106" count="0" type="cond" truecount="0" falsecount="2"/>
        <line num="110" count="0" type="cond" truecount="0" falsecount="2"/>
        <line num="111" count="0" type="stmt"/>
        <line num="116" count="0" type="cond" truecount="0" falsecount="2"/>
        <line num="117" count="0" type="stmt"/>
        <line num="122" count="0" type="cond" truecount="0" falsecount="2"/>
        <line num="123" count="0" type="stmt"/>
        <line num="125" count="0" type="stmt"/>
        <line num="126" count="0" type="stmt"/>
        <line num="127" count="0" type="stmt"/>
      </file>
    </package>
  </project>
</coverage>
