{"/Users/angela/Workspace/hackreactor/hrsf-110/Front-End Capstone/Ceciil-service/data.js": {"path":"/Users/angela/Workspace/hackreactor/hrsf-110/Front-End Capstone/Ceciil-service/data.js","statementMap":{"0":{"start":{"line":1,"column":18},"end":{"line":49,"column":1}},"1":{"start":{"line":51,"column":0},"end":{"line":53,"column":2}}},"fnMap":{},"branchMap":{},"s":{"0":1,"1":1},"f":{},"b":{},"_coverageSchema":"43e27e138ebf9cfc5966b082cf9a028302ed4184","hash":"2228dab5bc5286486140b39c406178234dfc3ba4"}
,"/Users/angela/Workspace/hackreactor/hrsf-110/Front-End Capstone/Ceciil-service/client/src/components/App.jsx": {"path":"/Users/angela/Workspace/hackreactor/hrsf-110/Front-End Capstone/Ceciil-service/client/src/components/App.jsx","statementMap":{"0":{"start":{"line":9,"column":15},"end":{"line":13,"column":1}},"1":{"start":{"line":15,"column":15},"end":{"line":24,"column":1}},"2":{"start":{"line":28,"column":4},"end":{"line":28,"column":17}},"3":{"start":{"line":29,"column":4},"end":{"line":32,"column":6}},"4":{"start":{"line":33,"column":4},"end":{"line":33,"column":47}},"5":{"start":{"line":38,"column":4},"end":{"line":38,"column":50}},"6":{"start":{"line":39,"column":4},"end":{"line":49,"column":7}},"7":{"start":{"line":43,"column":8},"end":{"line":43,"column":57}},"8":{"start":{"line":44,"column":8},"end":{"line":44,"column":38}},"9":{"start":{"line":47,"column":8},"end":{"line":47,"column":65}},"10":{"start":{"line":53,"column":4},"end":{"line":55,"column":7}},"11":{"start":{"line":59,"column":4},"end":{"line":63,"column":5}},"12":{"start":{"line":60,"column":6},"end":{"line":62,"column":8}},"13":{"start":{"line":64,"column":4},"end":{"line":72,"column":6}}},"fnMap":{"0":{"name":"(anonymous_0)","decl":{"start":{"line":27,"column":2},"end":{"line":27,"column":3}},"loc":{"start":{"line":27,"column":21},"end":{"line":34,"column":3}},"line":27},"1":{"name":"(anonymous_1)","decl":{"start":{"line":37,"column":2},"end":{"line":37,"column":3}},"loc":{"start":{"line":37,"column":22},"end":{"line":50,"column":3}},"line":37},"2":{"name":"(anonymous_2)","decl":{"start":{"line":42,"column":15},"end":{"line":42,"column":16}},"loc":{"start":{"line":42,"column":25},"end":{"line":45,"column":7}},"line":42},"3":{"name":"(anonymous_3)","decl":{"start":{"line":46,"column":13},"end":{"line":46,"column":14}},"loc":{"start":{"line":46,"column":19},"end":{"line":48,"column":7}},"line":46},"4":{"name":"(anonymous_4)","decl":{"start":{"line":52,"column":2},"end":{"line":52,"column":3}},"loc":{"start":{"line":52,"column":14},"end":{"line":56,"column":3}},"line":52},"5":{"name":"(anonymous_5)","decl":{"start":{"line":58,"column":2},"end":{"line":58,"column":3}},"loc":{"start":{"line":58,"column":11},"end":{"line":73,"column":3}},"line":58}},"branchMap":{"0":{"loc":{"start":{"line":59,"column":4},"end":{"line":63,"column":5}},"type":"if","locations":[{"start":{"line":59,"column":4},"end":{"line":63,"column":5}},{"start":{"line":59,"column":4},"end":{"line":63,"column":5}}],"line":59}},"s":{"0":1,"1":1,"2":1,"3":1,"4":1,"5":1,"6":1,"7":0,"8":0,"9":0,"10":0,"11":1,"12":0,"13":1},"f":{"0":1,"1":1,"2":0,"3":0,"4":0,"5":1},"b":{"0":[0,1]},"_coverageSchema":"43e27e138ebf9cfc5966b082cf9a028302ed4184","hash":"0e4a9fc794ca9cc0f9d58eace631c79577cf62c7"}
,"/Users/angela/Workspace/hackreactor/hrsf-110/Front-End Capstone/Ceciil-service/client/src/components/MainLargeImage.jsx": {"path":"/Users/angela/Workspace/hackreactor/hrsf-110/Front-End Capstone/Ceciil-service/client/src/components/MainLargeImage.jsx","statementMap":{"0":{"start":{"line":4,"column":18},"end":{"line":11,"column":1}},"1":{"start":{"line":10,"column":35},"end":{"line":10,"column":49}},"2":{"start":{"line":13,"column":18},"end":{"line":22,"column":1}},"3":{"start":{"line":24,"column":19},"end":{"line":30,"column":1}},"4":{"start":{"line":25,"column":2},"end":{"line":29,"column":4}}},"fnMap":{"0":{"name":"(anonymous_0)","decl":{"start":{"line":10,"column":26},"end":{"line":10,"column":27}},"loc":{"start":{"line":10,"column":35},"end":{"line":10,"column":49}},"line":10},"1":{"name":"(anonymous_1)","decl":{"start":{"line":24,"column":19},"end":{"line":24,"column":20}},"loc":{"start":{"line":24,"column":30},"end":{"line":30,"column":1}},"line":24}},"branchMap":{},"s":{"0":1,"1":0,"2":1,"3":1,"4":0},"f":{"0":0,"1":0},"b":{},"_coverageSchema":"43e27e138ebf9cfc5966b082cf9a028302ed4184","hash":"da0f0d7d950299c1a14f231fe75f2948c8d9411a"}
,"/Users/angela/Workspace/hackreactor/hrsf-110/Front-End Capstone/Ceciil-service/client/src/components/MainSmallImages.jsx": {"path":"/Users/angela/Workspace/hackreactor/hrsf-110/Front-End Capstone/Ceciil-service/client/src/components/MainSmallImages.jsx","statementMap":{"0":{"start":{"line":4,"column":18},"end":{"line":12,"column":1}},"1":{"start":{"line":11,"column":35},"end":{"line":11,"column":44}},"2":{"start":{"line":14,"column":18},"end":{"line":23,"column":1}},"3":{"start":{"line":25,"column":23},"end":{"line":29,"column":1}},"4":{"start":{"line":31,"column":20},"end":{"line":39,"column":1}},"5":{"start":{"line":32,"column":2},"end":{"line":38,"column":4}},"6":{"start":{"line":35,"column":8},"end":{"line":35,"column":77}}},"fnMap":{"0":{"name":"(anonymous_0)","decl":{"start":{"line":11,"column":26},"end":{"line":11,"column":27}},"loc":{"start":{"line":11,"column":35},"end":{"line":11,"column":44}},"line":11},"1":{"name":"(anonymous_1)","decl":{"start":{"line":31,"column":20},"end":{"line":31,"column":21}},"loc":{"start":{"line":31,"column":31},"end":{"line":39,"column":1}},"line":31},"2":{"name":"(anonymous_2)","decl":{"start":{"line":34,"column":22},"end":{"line":34,"column":23}},"loc":{"start":{"line":34,"column":32},"end":{"line":36,"column":7}},"line":34}},"branchMap":{},"s":{"0":1,"1":0,"2":1,"3":1,"4":1,"5":0,"6":0},"f":{"0":0,"1":0,"2":0},"b":{},"_coverageSchema":"43e27e138ebf9cfc5966b082cf9a028302ed4184","hash":"5e8f04349da2854521d1e1bbf9579768e8afac00"}
,"/Users/angela/Workspace/hackreactor/hrsf-110/Front-End Capstone/Ceciil-service/client/src/components/Modal.jsx": {"path":"/Users/angela/Workspace/hackreactor/hrsf-110/Front-End Capstone/Ceciil-service/client/src/components/Modal.jsx","statementMap":{"0":{"start":{"line":4,"column":13},"end":{"line":13,"column":1}},"1":{"start":{"line":15,"column":18},"end":{"line":17,"column":1}},"2":{"start":{"line":19,"column":15},"end":{"line":22,"column":1}},"3":{"start":{"line":24,"column":13},"end":{"line":33,"column":1}},"4":{"start":{"line":35,"column":14},"end":{"line":42,"column":1}},"5":{"start":{"line":44,"column":14},"end":{"line":52,"column":1}},"6":{"start":{"line":54,"column":14},"end":{"line":61,"column":1}},"7":{"start":{"line":63,"column":14},"end":{"line":68,"column":1}},"8":{"start":{"line":70,"column":13},"end":{"line":75,"column":1}},"9":{"start":{"line":77,"column":18},"end":{"line":80,"column":1}},"10":{"start":{"line":82,"column":16},"end":{"line":91,"column":1}},"11":{"start":{"line":95,"column":4},"end":{"line":95,"column":17}},"12":{"start":{"line":96,"column":4},"end":{"line":99,"column":6}},"13":{"start":{"line":100,"column":4},"end":{"line":100,"column":49}},"14":{"start":{"line":101,"column":4},"end":{"line":101,"column":55}},"15":{"start":{"line":102,"column":4},"end":{"line":102,"column":47}},"16":{"start":{"line":106,"column":4},"end":{"line":106,"column":58}},"17":{"start":{"line":110,"column":4},"end":{"line":112,"column":5}},"18":{"start":{"line":111,"column":6},"end":{"line":111,"column":67}},"19":{"start":{"line":116,"column":4},"end":{"line":118,"column":5}},"20":{"start":{"line":117,"column":6},"end":{"line":117,"column":67}},"21":{"start":{"line":122,"column":4},"end":{"line":124,"column":5}},"22":{"start":{"line":123,"column":6},"end":{"line":123,"column":18}},"23":{"start":{"line":125,"column":16},"end":{"line":125,"column":65}},"24":{"start":{"line":126,"column":20},"end":{"line":126,"column":73}},"25":{"start":{"line":127,"column":4},"end":{"line":147,"column":6}}},"fnMap":{"0":{"name":"(anonymous_0)","decl":{"start":{"line":94,"column":2},"end":{"line":94,"column":3}},"loc":{"start":{"line":94,"column":21},"end":{"line":103,"column":3}},"line":94},"1":{"name":"(anonymous_1)","decl":{"start":{"line":105,"column":2},"end":{"line":105,"column":3}},"loc":{"start":{"line":105,"column":20},"end":{"line":107,"column":3}},"line":105},"2":{"name":"(anonymous_2)","decl":{"start":{"line":109,"column":2},"end":{"line":109,"column":3}},"loc":{"start":{"line":109,"column":18},"end":{"line":113,"column":3}},"line":109},"3":{"name":"(anonymous_3)","decl":{"start":{"line":115,"column":2},"end":{"line":115,"column":3}},"loc":{"start":{"line":115,"column":14},"end":{"line":119,"column":3}},"line":115},"4":{"name":"(anonymous_4)","decl":{"start":{"line":121,"column":2},"end":{"line":121,"column":3}},"loc":{"start":{"line":121,"column":11},"end":{"line":148,"column":3}},"line":121}},"branchMap":{"0":{"loc":{"start":{"line":106,"column":4},"end":{"line":106,"column":57}},"type":"binary-expr","locations":[{"start":{"line":106,"column":4},"end":{"line":106,"column":25}},{"start":{"line":106,"column":29},"end":{"line":106,"column":57}}],"line":106},"1":{"loc":{"start":{"line":110,"column":4},"end":{"line":112,"column":5}},"type":"if","locations":[{"start":{"line":110,"column":4},"end":{"line":112,"column":5}},{"start":{"line":110,"column":4},"end":{"line":112,"column":5}}],"line":110},"2":{"loc":{"start":{"line":116,"column":4},"end":{"line":118,"column":5}},"type":"if","locations":[{"start":{"line":116,"column":4},"end":{"line":118,"column":5}},{"start":{"line":116,"column":4},"end":{"line":118,"column":5}}],"line":116},"3":{"loc":{"start":{"line":122,"column":4},"end":{"line":124,"column":5}},"type":"if","locations":[{"start":{"line":122,"column":4},"end":{"line":124,"column":5}},{"start":{"line":122,"column":4},"end":{"line":124,"column":5}}],"line":122}},"s":{"0":1,"1":1,"2":1,"3":1,"4":1,"5":1,"6":1,"7":1,"8":1,"9":1,"10":1,"11":0,"12":0,"13":0,"14":0,"15":0,"16":0,"17":0,"18":0,"19":0,"20":0,"21":0,"22":0,"23":0,"24":0,"25":0},"f":{"0":0,"1":0,"2":0,"3":0,"4":0},"b":{"0":[0,0],"1":[0,0],"2":[0,0],"3":[0,0]},"_coverageSchema":"43e27e138ebf9cfc5966b082cf9a028302ed4184","hash":"31703c4e1c9a72b3555bd87ab15612280c4c8122"}
}
