{"/Users/angela/Workspace/hackreactor/hrsf-110/Front-End Capstone/Ceciil-service/data.js": {"path":"/Users/angela/Workspace/hackreactor/hrsf-110/Front-End Capstone/Ceciil-service/data.js","statementMap":{"0":{"start":{"line":1,"column":18},"end":{"line":26,"column":1}},"1":{"start":{"line":28,"column":0},"end":{"line":30,"column":2}}},"fnMap":{},"branchMap":{},"s":{"0":1,"1":1},"f":{},"b":{},"_coverageSchema":"43e27e138ebf9cfc5966b082cf9a028302ed4184","hash":"986d231ae85275b8383f11de6d17d9b1c39e2b9e"}
,"/Users/angela/Workspace/hackreactor/hrsf-110/Front-End Capstone/Ceciil-service/client/src/components/App.jsx": {"path":"/Users/angela/Workspace/hackreactor/hrsf-110/Front-End Capstone/Ceciil-service/client/src/components/App.jsx","statementMap":{"0":{"start":{"line":9,"column":15},"end":{"line":13,"column":1}},"1":{"start":{"line":15,"column":15},"end":{"line":24,"column":1}},"2":{"start":{"line":28,"column":4},"end":{"line":28,"column":17}},"3":{"start":{"line":29,"column":4},"end":{"line":32,"column":6}},"4":{"start":{"line":33,"column":4},"end":{"line":33,"column":47}},"5":{"start":{"line":37,"column":4},"end":{"line":46,"column":7}},"6":{"start":{"line":41,"column":8},"end":{"line":41,"column":38}},"7":{"start":{"line":44,"column":8},"end":{"line":44,"column":65}},"8":{"start":{"line":50,"column":4},"end":{"line":52,"column":7}},"9":{"start":{"line":56,"column":4},"end":{"line":60,"column":5}},"10":{"start":{"line":57,"column":6},"end":{"line":59,"column":8}},"11":{"start":{"line":61,"column":4},"end":{"line":69,"column":6}}},"fnMap":{"0":{"name":"(anonymous_0)","decl":{"start":{"line":27,"column":2},"end":{"line":27,"column":3}},"loc":{"start":{"line":27,"column":21},"end":{"line":34,"column":3}},"line":27},"1":{"name":"(anonymous_1)","decl":{"start":{"line":36,"column":2},"end":{"line":36,"column":3}},"loc":{"start":{"line":36,"column":22},"end":{"line":47,"column":3}},"line":36},"2":{"name":"(anonymous_2)","decl":{"start":{"line":40,"column":15},"end":{"line":40,"column":16}},"loc":{"start":{"line":40,"column":25},"end":{"line":42,"column":7}},"line":40},"3":{"name":"(anonymous_3)","decl":{"start":{"line":43,"column":13},"end":{"line":43,"column":14}},"loc":{"start":{"line":43,"column":19},"end":{"line":45,"column":7}},"line":43},"4":{"name":"(anonymous_4)","decl":{"start":{"line":49,"column":2},"end":{"line":49,"column":3}},"loc":{"start":{"line":49,"column":14},"end":{"line":53,"column":3}},"line":49},"5":{"name":"(anonymous_5)","decl":{"start":{"line":55,"column":2},"end":{"line":55,"column":3}},"loc":{"start":{"line":55,"column":11},"end":{"line":70,"column":3}},"line":55}},"branchMap":{"0":{"loc":{"start":{"line":56,"column":4},"end":{"line":60,"column":5}},"type":"if","locations":[{"start":{"line":56,"column":4},"end":{"line":60,"column":5}},{"start":{"line":56,"column":4},"end":{"line":60,"column":5}}],"line":56}},"s":{"0":1,"1":1,"2":3,"3":3,"4":3,"5":3,"6":0,"7":0,"8":1,"9":4,"10":1,"11":3},"f":{"0":3,"1":3,"2":0,"3":0,"4":1,"5":4},"b":{"0":[1,3]},"_coverageSchema":"43e27e138ebf9cfc5966b082cf9a028302ed4184","hash":"88b14bafc64bc50734c319bed65730427bbc69d7"}
,"/Users/angela/Workspace/hackreactor/hrsf-110/Front-End Capstone/Ceciil-service/client/src/components/MainLargeImage.jsx": {"path":"/Users/angela/Workspace/hackreactor/hrsf-110/Front-End Capstone/Ceciil-service/client/src/components/MainLargeImage.jsx","statementMap":{"0":{"start":{"line":4,"column":18},"end":{"line":11,"column":3}},"1":{"start":{"line":7,"column":35},"end":{"line":7,"column":49}},"2":{"start":{"line":13,"column":18},"end":{"line":22,"column":1}},"3":{"start":{"line":24,"column":19},"end":{"line":30,"column":1}},"4":{"start":{"line":25,"column":2},"end":{"line":29,"column":4}}},"fnMap":{"0":{"name":"(anonymous_0)","decl":{"start":{"line":7,"column":26},"end":{"line":7,"column":27}},"loc":{"start":{"line":7,"column":35},"end":{"line":7,"column":49}},"line":7},"1":{"name":"(anonymous_1)","decl":{"start":{"line":24,"column":19},"end":{"line":24,"column":20}},"loc":{"start":{"line":24,"column":30},"end":{"line":30,"column":1}},"line":24}},"branchMap":{},"s":{"0":1,"1":2,"2":1,"3":1,"4":1},"f":{"0":2,"1":1},"b":{},"_coverageSchema":"43e27e138ebf9cfc5966b082cf9a028302ed4184","hash":"f98a9b28a3678456176f644e4c5ee4da442e1bb6"}
,"/Users/angela/Workspace/hackreactor/hrsf-110/Front-End Capstone/Ceciil-service/client/src/components/MainSmallImages.jsx": {"path":"/Users/angela/Workspace/hackreactor/hrsf-110/Front-End Capstone/Ceciil-service/client/src/components/MainSmallImages.jsx","statementMap":{"0":{"start":{"line":4,"column":18},"end":{"line":12,"column":1}},"1":{"start":{"line":8,"column":35},"end":{"line":8,"column":44}},"2":{"start":{"line":14,"column":18},"end":{"line":23,"column":1}},"3":{"start":{"line":25,"column":23},"end":{"line":29,"column":1}},"4":{"start":{"line":31,"column":20},"end":{"line":39,"column":1}},"5":{"start":{"line":32,"column":2},"end":{"line":38,"column":4}},"6":{"start":{"line":35,"column":8},"end":{"line":35,"column":77}}},"fnMap":{"0":{"name":"(anonymous_0)","decl":{"start":{"line":8,"column":26},"end":{"line":8,"column":27}},"loc":{"start":{"line":8,"column":35},"end":{"line":8,"column":44}},"line":8},"1":{"name":"(anonymous_1)","decl":{"start":{"line":31,"column":20},"end":{"line":31,"column":21}},"loc":{"start":{"line":31,"column":31},"end":{"line":39,"column":1}},"line":31},"2":{"name":"(anonymous_2)","decl":{"start":{"line":34,"column":22},"end":{"line":34,"column":23}},"loc":{"start":{"line":34,"column":32},"end":{"line":36,"column":7}},"line":34}},"branchMap":{},"s":{"0":1,"1":8,"2":1,"3":1,"4":1,"5":1,"6":4},"f":{"0":8,"1":1,"2":4},"b":{},"_coverageSchema":"43e27e138ebf9cfc5966b082cf9a028302ed4184","hash":"c9f52401e97b9eb20a60053d0ba1a0a957c7658e"}
,"/Users/angela/Workspace/hackreactor/hrsf-110/Front-End Capstone/Ceciil-service/client/src/components/Modal.jsx": {"path":"/Users/angela/Workspace/hackreactor/hrsf-110/Front-End Capstone/Ceciil-service/client/src/components/Modal.jsx","statementMap":{"0":{"start":{"line":4,"column":13},"end":{"line":13,"column":1}},"1":{"start":{"line":15,"column":18},"end":{"line":17,"column":1}},"2":{"start":{"line":19,"column":15},"end":{"line":22,"column":1}},"3":{"start":{"line":24,"column":13},"end":{"line":33,"column":1}},"4":{"start":{"line":35,"column":14},"end":{"line":42,"column":1}},"5":{"start":{"line":44,"column":14},"end":{"line":53,"column":1}},"6":{"start":{"line":55,"column":14},"end":{"line":62,"column":1}},"7":{"start":{"line":64,"column":14},"end":{"line":69,"column":1}},"8":{"start":{"line":71,"column":13},"end":{"line":76,"column":1}},"9":{"start":{"line":78,"column":18},"end":{"line":81,"column":1}},"10":{"start":{"line":83,"column":16},"end":{"line":91,"column":1}},"11":{"start":{"line":95,"column":4},"end":{"line":95,"column":17}},"12":{"start":{"line":96,"column":4},"end":{"line":99,"column":6}},"13":{"start":{"line":100,"column":4},"end":{"line":100,"column":49}},"14":{"start":{"line":101,"column":4},"end":{"line":101,"column":55}},"15":{"start":{"line":102,"column":4},"end":{"line":102,"column":47}},"16":{"start":{"line":106,"column":4},"end":{"line":106,"column":58}},"17":{"start":{"line":110,"column":4},"end":{"line":112,"column":5}},"18":{"start":{"line":111,"column":6},"end":{"line":111,"column":67}},"19":{"start":{"line":116,"column":4},"end":{"line":118,"column":5}},"20":{"start":{"line":117,"column":6},"end":{"line":117,"column":67}},"21":{"start":{"line":122,"column":4},"end":{"line":124,"column":5}},"22":{"start":{"line":123,"column":6},"end":{"line":123,"column":18}},"23":{"start":{"line":125,"column":16},"end":{"line":125,"column":65}},"24":{"start":{"line":126,"column":20},"end":{"line":126,"column":73}},"25":{"start":{"line":127,"column":4},"end":{"line":147,"column":6}}},"fnMap":{"0":{"name":"(anonymous_0)","decl":{"start":{"line":94,"column":2},"end":{"line":94,"column":3}},"loc":{"start":{"line":94,"column":21},"end":{"line":103,"column":3}},"line":94},"1":{"name":"(anonymous_1)","decl":{"start":{"line":105,"column":2},"end":{"line":105,"column":3}},"loc":{"start":{"line":105,"column":20},"end":{"line":107,"column":3}},"line":105},"2":{"name":"(anonymous_2)","decl":{"start":{"line":109,"column":2},"end":{"line":109,"column":3}},"loc":{"start":{"line":109,"column":18},"end":{"line":113,"column":3}},"line":109},"3":{"name":"(anonymous_3)","decl":{"start":{"line":115,"column":2},"end":{"line":115,"column":3}},"loc":{"start":{"line":115,"column":14},"end":{"line":119,"column":3}},"line":115},"4":{"name":"(anonymous_4)","decl":{"start":{"line":121,"column":2},"end":{"line":121,"column":3}},"loc":{"start":{"line":121,"column":11},"end":{"line":148,"column":3}},"line":121}},"branchMap":{"0":{"loc":{"start":{"line":106,"column":4},"end":{"line":106,"column":57}},"type":"binary-expr","locations":[{"start":{"line":106,"column":4},"end":{"line":106,"column":25}},{"start":{"line":106,"column":29},"end":{"line":106,"column":57}}],"line":106},"1":{"loc":{"start":{"line":110,"column":4},"end":{"line":112,"column":5}},"type":"if","locations":[{"start":{"line":110,"column":4},"end":{"line":112,"column":5}},{"start":{"line":110,"column":4},"end":{"line":112,"column":5}}],"line":110},"2":{"loc":{"start":{"line":116,"column":4},"end":{"line":118,"column":5}},"type":"if","locations":[{"start":{"line":116,"column":4},"end":{"line":118,"column":5}},{"start":{"line":116,"column":4},"end":{"line":118,"column":5}}],"line":116},"3":{"loc":{"start":{"line":122,"column":4},"end":{"line":124,"column":5}},"type":"if","locations":[{"start":{"line":122,"column":4},"end":{"line":124,"column":5}},{"start":{"line":122,"column":4},"end":{"line":124,"column":5}}],"line":122}},"s":{"0":1,"1":1,"2":1,"3":1,"4":1,"5":1,"6":1,"7":1,"8":1,"9":1,"10":1,"11":1,"12":1,"13":1,"14":1,"15":1,"16":0,"17":0,"18":0,"19":0,"20":0,"21":1,"22":0,"23":1,"24":1,"25":1},"f":{"0":1,"1":0,"2":0,"3":0,"4":1},"b":{"0":[0,0],"1":[0,0],"2":[0,0],"3":[0,1]},"_coverageSchema":"43e27e138ebf9cfc5966b082cf9a028302ed4184","hash":"51666a376d3c82ded72e44f5e2ee7c94bd6c1a1c"}
}
