TN:
SF:/Users/angela/Workspace/hackreactor/hrsf-110/Front-End Capstone/Ceciil-service/data.js
FNF:0
FNH:0
DA:1,1
DA:51,1
LF:2
LH:2
BRF:0
BRH:0
end_of_record
TN:
SF:/Users/angela/Workspace/hackreactor/hrsf-110/Front-End Capstone/Ceciil-service/client/src/components/App.jsx
FN:27,(anonymous_0)
FN:37,(anonymous_1)
FN:42,(anonymous_2)
FN:46,(anonymous_3)
FN:52,(anonymous_4)
FN:58,(anonymous_5)
FNF:6
FNH:3
FNDA:1,(anonymous_0)
FNDA:1,(anonymous_1)
FNDA:0,(anonymous_2)
FNDA:0,(anonymous_3)
FNDA:0,(anonymous_4)
FNDA:1,(anonymous_5)
DA:9,1
DA:15,1
DA:28,1
DA:29,1
DA:33,1
DA:38,1
DA:39,1
DA:43,0
DA:44,0
DA:47,0
DA:53,0
DA:59,1
DA:60,0
DA:64,1
LF:14
LH:9
BRDA:59,0,0,0
BRDA:59,0,1,1
BRF:2
BRH:1
end_of_record
TN:
SF:/Users/angela/Workspace/hackreactor/hrsf-110/Front-End Capstone/Ceciil-service/client/src/components/MainLargeImage.jsx
FN:10,(anonymous_0)
FN:24,(anonymous_1)
FNF:2
FNH:0
FNDA:0,(anonymous_0)
FNDA:0,(anonymous_1)
DA:4,1
DA:10,0
DA:13,1
DA:24,1
DA:25,0
LF:5
LH:3
BRF:0
BRH:0
end_of_record
TN:
SF:/Users/angela/Workspace/hackreactor/hrsf-110/Front-End Capstone/Ceciil-service/client/src/components/MainSmallImages.jsx
FN:11,(anonymous_0)
FN:31,(anonymous_1)
FN:34,(anonymous_2)
FNF:3
FNH:0
FNDA:0,(anonymous_0)
FNDA:0,(anonymous_1)
FNDA:0,(anonymous_2)
DA:4,1
DA:11,0
DA:14,1
DA:25,1
DA:31,1
DA:32,0
DA:35,0
LF:7
LH:4
BRF:0
BRH:0
end_of_record
TN:
SF:/Users/angela/Workspace/hackreactor/hrsf-110/Front-End Capstone/Ceciil-service/client/src/components/Modal.jsx
FN:94,(anonymous_0)
FN:105,(anonymous_1)
FN:109,(anonymous_2)
FN:115,(anonymous_3)
FN:121,(anonymous_4)
FNF:5
FNH:0
FNDA:0,(anonymous_0)
FNDA:0,(anonymous_1)
FNDA:0,(anonymous_2)
FNDA:0,(anonymous_3)
FNDA:0,(anonymous_4)
DA:4,1
DA:15,1
DA:19,1
DA:24,1
DA:35,1
DA:44,1
DA:54,1
DA:63,1
DA:70,1
DA:77,1
DA:82,1
DA:95,0
DA:96,0
DA:100,0
DA:101,0
DA:102,0
DA:106,0
DA:110,0
DA:111,0
DA:116,0
DA:117,0
DA:122,0
DA:123,0
DA:125,0
DA:126,0
DA:127,0
LF:26
LH:11
BRDA:106,0,0,0
BRDA:106,0,1,0
BRDA:110,1,0,0
BRDA:110,1,1,0
BRDA:116,2,0,0
BRDA:116,2,1,0
BRDA:122,3,0,0
BRDA:122,3,1,0
BRF:8
BRH:0
end_of_record
