TN:
SF:/Users/angela/Workspace/hackreactor/hrsf-110/Front-End Capstone/Ceciil-service/data.js
FNF:0
FNH:0
DA:1,1
DA:28,1
LF:2
LH:2
BRF:0
BRH:0
end_of_record
TN:
SF:/Users/angela/Workspace/hackreactor/hrsf-110/Front-End Capstone/Ceciil-service/client/src/components/App.jsx
FN:27,(anonymous_0)
FN:36,(anonymous_1)
FN:40,(anonymous_2)
FN:43,(anonymous_3)
FN:49,(anonymous_4)
FN:55,(anonymous_5)
FNF:6
FNH:4
FNDA:3,(anonymous_0)
FNDA:3,(anonymous_1)
FNDA:0,(anonymous_2)
FNDA:0,(anonymous_3)
FNDA:1,(anonymous_4)
FNDA:4,(anonymous_5)
DA:9,1
DA:15,1
DA:28,3
DA:29,3
DA:33,3
DA:37,3
DA:41,0
DA:44,0
DA:50,1
DA:56,4
DA:57,1
DA:61,3
LF:12
LH:10
BRDA:56,0,0,1
BRDA:56,0,1,3
BRF:2
BRH:2
end_of_record
TN:
SF:/Users/angela/Workspace/hackreactor/hrsf-110/Front-End Capstone/Ceciil-service/client/src/components/MainLargeImage.jsx
FN:7,(anonymous_0)
FN:24,(anonymous_1)
FNF:2
FNH:2
FNDA:2,(anonymous_0)
FNDA:1,(anonymous_1)
DA:4,1
DA:7,2
DA:13,1
DA:24,1
DA:25,1
LF:5
LH:5
BRF:0
BRH:0
end_of_record
TN:
SF:/Users/angela/Workspace/hackreactor/hrsf-110/Front-End Capstone/Ceciil-service/client/src/components/MainSmallImages.jsx
FN:8,(anonymous_0)
FN:31,(anonymous_1)
FN:34,(anonymous_2)
FNF:3
FNH:3
FNDA:8,(anonymous_0)
FNDA:1,(anonymous_1)
FNDA:4,(anonymous_2)
DA:4,1
DA:8,8
DA:14,1
DA:25,1
DA:31,1
DA:32,1
DA:35,4
LF:7
LH:7
BRF:0
BRH:0
end_of_record
TN:
SF:/Users/angela/Workspace/hackreactor/hrsf-110/Front-End Capstone/Ceciil-service/client/src/components/Modal.jsx
FN:94,(anonymous_0)
FN:105,(anonymous_1)
FN:109,(anonymous_2)
FN:115,(anonymous_3)
FN:121,(anonymous_4)
FNF:5
FNH:2
FNDA:1,(anonymous_0)
FNDA:0,(anonymous_1)
FNDA:0,(anonymous_2)
FNDA:0,(anonymous_3)
FNDA:1,(anonymous_4)
DA:4,1
DA:15,1
DA:19,1
DA:24,1
DA:35,1
DA:44,1
DA:55,1
DA:64,1
DA:71,1
DA:78,1
DA:83,1
DA:95,1
DA:96,1
DA:100,1
DA:101,1
DA:102,1
DA:106,0
DA:110,0
DA:111,0
DA:116,0
DA:117,0
DA:122,1
DA:123,0
DA:125,1
DA:126,1
DA:127,1
LF:26
LH:20
BRDA:106,0,0,0
BRDA:106,0,1,0
BRDA:110,1,0,0
BRDA:110,1,1,0
BRDA:116,2,0,0
BRDA:116,2,1,0
BRDA:122,3,0,0
BRDA:122,3,1,1
BRF:8
BRH:1
end_of_record
